




2026-02-06T20:19:15Z AurumCoin version v30.99.0-68a394c73ea3-dirty (release build)
2026-02-06T20:19:15Z Using the 'arm_shani(1way;2way)' SHA256 implementation
2026-02-06T20:19:15Z Default data directory /Users/ericciciotti/Library/Application Support/Bitcoin
2026-02-06T20:19:15Z Using data directory /Users/ericciciotti/Documents/AurumCoin/main-data-main
2026-02-06T20:19:15Z Config file: /Users/ericciciotti/Documents/AurumCoin/main-data-main/bitcoin.conf (not found, skipping)
2026-02-06T20:19:15Z Command-line arg: chain="main"
2026-02-06T20:19:15Z Command-line arg: daemon=""
2026-02-06T20:19:15Z Command-line arg: datadir="/Users/ericciciotti/Documents/AurumCoin/main-data-main"
2026-02-06T20:19:15Z Command-line arg: port="19335"
2026-02-06T20:19:15Z Command-line arg: rpcport="19332"
2026-02-06T20:19:15Z Using at most 125 automatic connections (285 file descriptors available)
2026-02-06T20:19:15Z scheduler thread start
2026-02-06T20:19:15Z Binding RPC on address ::1 port 19332
2026-02-06T20:19:15Z Binding RPC on address 127.0.0.1 port 19332
2026-02-06T20:19:15Z Generated RPC authentication cookie /Users/ericciciotti/Documents/AurumCoin/main-data-main/.cookie
2026-02-06T20:19:15Z Permissions used for cookie: rw-------
2026-02-06T20:19:15Z Using random cookie authentication.
2026-02-06T20:19:15Z Starting HTTP server with 16 worker threads
2026-02-06T20:19:15Z Using wallet directory /Users/ericciciotti/Documents/AurumCoin/main-data-main
2026-02-06T20:19:15Z Using SQLite Version 3.51.0
2026-02-06T20:19:15Z init message: Verifying wallet(s)…
2026-02-06T20:19:15Z Using /16 prefix for IP bucketing
2026-02-06T20:19:15Z init message: Loading P2P addresses…
2026-02-06T20:19:15Z Creating peers.dat because the file was not found ("/Users/ericciciotti/Documents/AurumCoin/main-data-main/peers.dat")
2026-02-06T20:19:15Z init message: Loading banlist…
2026-02-06T20:19:15Z Recreating the banlist database
2026-02-06T20:19:15Z SetNetworkActive: true
2026-02-06T20:19:15Z /Users/ericciciotti/Documents/AurumCoin/main-data-main/fee_estimates.dat is not found. Continue anyway.
2026-02-06T20:19:15Z Cache configuration:
2026-02-06T20:19:15Z * Using 2.0 MiB for block index database
2026-02-06T20:19:15Z * Using 8.0 MiB for chain state database
2026-02-06T20:19:15Z * Using 440.0 MiB for in-memory UTXO set (plus up to 286.1 MiB of unused mempool space)
2026-02-06T20:19:15Z Script verification uses 7 additional threads
2026-02-06T20:19:15Z Using obfuscation key for blocksdir *.dat files (/Users/ericciciotti/Documents/AurumCoin/main-data-main/blocks): '0000000000000000'
2026-02-06T20:19:15Z Opening LevelDB in /Users/ericciciotti/Documents/AurumCoin/main-data-main/blocks/index
2026-02-06T20:19:15Z Opened LevelDB successfully
2026-02-06T20:19:15Z Using obfuscation key for /Users/ericciciotti/Documents/AurumCoin/main-data-main/blocks/index: 0000000000000000
2026-02-06T20:19:15Z Using 16 MiB out of 16 MiB requested for signature cache, able to store 524288 elements
2026-02-06T20:19:15Z Using 16 MiB out of 16 MiB requested for script execution cache, able to store 524288 elements
2026-02-06T20:19:15Z init message: Loading block index…
2026-02-06T20:19:15Z Assuming ancestors of block 00000000000000000000611fd22f2df7c8fbd0688745c3a6c3bb5109cc2a12cb have valid signatures.
2026-02-06T20:19:15Z Setting nMinimumChainWork=0000000000000000000000000000000000000000dee8e2a309ad8a9820433c68
2026-02-06T20:19:15Z Loading block index db: last block file = 0
2026-02-06T20:19:15Z Loading block index db: last block file info: CBlockFileInfo(blocks=0, size=0, heights=0...0, time=1970-01-01...1970-01-01)
2026-02-06T20:19:15Z Checking all blk files are present...
2026-02-06T20:19:15Z Initializing chainstate Chainstate [ibd] @ height -1 (null)
2026-02-06T20:19:15Z Opening LevelDB in /Users/ericciciotti/Documents/AurumCoin/main-data-main/chainstate
2026-02-06T20:19:15Z Opened LevelDB successfully
2026-02-06T20:19:15Z Wrote new obfuscation key for /Users/ericciciotti/Documents/AurumCoin/main-data-main/chainstate: e8454febf538c1f2
2026-02-06T20:19:15Z Using obfuscation key for /Users/ericciciotti/Documents/AurumCoin/main-data-main/chainstate: e8454febf538c1f2
2026-02-06T20:19:15Z init message: Verifying blocks…
2026-02-06T20:19:15Z Block index and chainstate loaded
2026-02-06T20:19:15Z Setting NODE_NETWORK in non-prune mode
2026-02-06T20:19:15Z [warning] Disk space for "/Users/ericciciotti/Documents/AurumCoin/main-data-main/blocks" may not accommodate the block files. Approximately 810 GB of data will be stored in this directory.
2026-02-06T20:19:15Z initload thread start
2026-02-06T20:19:15Z [error] Errors in block header at FlatFilePos(nFile=0, nPos=8) while reading block
2026-02-06T20:19:15Z [error] A fatal internal error occurred, see debug.log for details: Failed to read block.
2026-02-06T20:19:15Z [error] A fatal internal error occurred, see debug.log for details: Chainstate [ibd] @ height -1 (null) Failed to connect best block (Failed to read block.)
2026-02-06T20:19:15Z Failed to open mempool file. Continuing anyway.
2026-02-06T20:19:15Z initload thread exit
2026-02-06T20:21:37Z Shutdown in progress...
2026-02-06T20:21:37Z scheduler thread exit
2026-02-06T20:21:37Z Flushed fee estimates to fee_estimates.dat.
2026-02-06T20:21:37Z Shutdown done
